2022-08-18 00:22:42 INFO  LoginPageTest:23 - * Starting test cases execution  **
  2022-08-18 00:29:15 INFO  LoginPageTest:23 - * Starting test cases execution  **
  2022-08-18 00:51:53 INFO  LoginPageTest:23 - * Starting test cases execution  **
  2022-08-18 00:52:02 INFO  LoginPageTest:23 - * Starting test cases execution  **
  2022-08-18 00:52:07 INFO  LoginPageTest:23 - * Starting test cases execution  **
  2022-08-18 00:56:19 INFO  LoginPageTest:23 - * Starting test cases execution  **
  2022-08-18 00:56:26 INFO  LoginPageTest:23 - * Starting test cases execution  **
  2022-08-18 01:02:09 INFO  LoginPageTest:23 - * Starting test cases execution  **
  2022-08-18 01:13:42 INFO  LoginPageTest:23 - * Starting test cases execution  **
  2022-08-18 15:41:44 INFO  SignUpPageTest:22 - * Starting test cases execution  **
  2022-08-18 15:41:52 INFO  SignUpPageTest:22 - * Starting test cases execution  **
  2022-08-18 15:48:23 INFO  LoginPageTest:24 - * Starting test cases execution for profile page  **
  2022-08-18 15:48:44 INFO  LoginPageTest:24 - * Starting test cases execution for profile page  **
  2022-08-18 15:50:57 INFO  LoginPageTest:24 - * Starting test cases execution for profile page  **
  2022-08-18 15:52:32 INFO  LoginPageTest:24 - * Starting test cases execution for profile page  **
  2022-08-18 15:54:53 INFO  ProfilePageTest:24 - * Starting test cases execution for profile page  **
  2022-08-18 15:55:13 INFO  ProfilePageTest:24 - * Starting test cases execution for profile page  **
  2022-08-18 15:56:14 INFO  SignUpPageTest:22 - * Starting test cases execution  for signup page**
  2022-08-18 15:56:24 INFO  SignUpPageTest:22 - * Starting test cases execution  for signup page**
  2022-08-18 15:56:33 INFO  LoginPageTest:23 - * Starting test cases execution  **
  2022-08-18 15:56:38 INFO  LoginPageTest:23 - * Starting test cases execution  **
  2022-08-18 15:56:46 INFO  LoginPageTest:23 - * Starting test cases execution  **
  2022-08-18 15:56:58 INFO  ProfilePageTest:24 - * Starting test cases execution for profile page  **
  2022-08-18 15:57:29 INFO  ProfilePageTest:24 - * Starting test cases execution for profile page  **
  2022-08-18 16:21:21 INFO  SignUpPageTest:22 - * Starting test cases execution  for signup page**
  2022-08-18 16:21:29 INFO  SignUpPageTest:22 - * Starting test cases execution  for signup page**
  2022-08-18 16:21:37 INFO  LoginPageTest:23 - * Starting test cases execution  **
  2022-08-18 16:21:44 INFO  LoginPageTest:23 - * Starting test cases execution  **
  2022-08-18 16:21:51 INFO  LoginPageTest:23 - * Starting test cases execution  **
  2022-08-18 16:21:59 INFO  ProfilePageTest:24 - * Starting test cases execution for profile page  **
  2022-08-18 16:22:29 INFO  ProfilePageTest:24 - * Starting test cases execution for profile page  **
  2022-08-18 16:27:58 INFO  ProfilePageTest:24 - * Starting test cases execution for profile page  **
  2022-08-18 16:34:46 INFO  SignUpPageTest:22 - * Starting test cases execution  for signup page**
  2022-08-18 16:34:51 INFO  LoginPageTest:23 - * Starting test cases execution  **
  2022-08-18 16:34:51 INFO  ProfilePageTest:24 - * Starting test cases execution for profile page  **
  2022-08-18 16:37:28 INFO  SignUpPageTest:22 - * Starting test cases execution  for signup page**
  2022-08-18 16:37:29 INFO  LoginPageTest:23 - * Starting test cases execution  **
  2022-08-18 16:37:29 INFO  ProfilePageTest:24 - * Starting test cases execution for profile page  **
  2022-08-18 16:38:56 INFO  SignUpPageTest:22 - * Starting test cases execution  for signup page**
  2022-08-18 16:39:08 INFO  SignUpPageTest:22 - * Starting test cases execution  for signup page**
  2022-08-18 16:39:17 INFO  LoginPageTest:23 - * Starting test cases execution  **
  2022-08-18 16:39:23 INFO  LoginPageTest:23 - * Starting test cases execution  **
  2022-08-18 16:39:30 INFO  LoginPageTest:23 - * Starting test cases execution  **
  2022-08-18 16:39:39 INFO  ProfilePageTest:24 - * Starting test cases execution for profile page  **
  2022-08-18 16:40:12 INFO  ProfilePageTest:24 - * Starting test cases execution for profile page  **
  